#
# There is insufficient memory for the Java Runtime Environment to continue.
# Native memory allocation (mmap) failed to map 132120576 bytes for Failed to commit area from 0x0000000082800000 to 0x000000008a600000 of length 132120576.
# Possible reasons:
#   The system is out of physical RAM or swap space
#   The process is running with CompressedOops enabled, and the Java Heap may be blocking the growth of the native heap
# Possible solutions:
#   Reduce memory load on the system
#   Increase physical memory or swap space
#   Check if swap backing store is full
#   Decrease Java heap size (-Xmx/-Xms)
#   Decrease number of Java threads
#   Decrease Java thread stack sizes (-Xss)
#   Set larger code cache with -XX:ReservedCodeCacheSize=
# This output file may be truncated or incomplete.
#
#  Out of Memory Error (t:/workspace/open/src/hotspot/os/windows/os_windows.cpp:3301), pid=18544, tid=15352
#
# JRE version:  (13.0.2+8) (build )
# Java VM: Java HotSpot(TM) 64-Bit Server VM (13.0.2+8, mixed mode, aot, sharing, tiered, compressed oops, g1 gc, windows-amd64)
# No core dump will be written. Minidumps are not enabled by default on client versions of Windows
#

---------------  S U M M A R Y ------------

Command Line: -Dfile.encoding=MS949 BinarySearchTree

Host: Intel(R) Core(TM) i5-8250U CPU @ 1.60GHz, 8 cores, 7G,  Windows 10 , 64 bit Build 17763 (10.0.17763.1158)
Time: Thu May 14 20:54:40 2020 ´eCN¹I±¹ C￥AØ½A elapsed time: 0 seconds (0d 0h 0m 0s)

---------------  T H R E A D  ---------------

Current thread (0x00000224feb0b800):  JavaThread "Unknown thread" [_thread_in_vm, id=15352, stack(0x000000b6bdd00000,0x000000b6bde00000)]

Stack: [0x000000b6bdd00000,0x000000b6bde00000]
Native frames: (J=compiled Java code, j=interpreted, Vv=VM code, C=native code)
V  [jvm.dll+0x624f9a]
V  [jvm.dll+0x770cfa]
V  [jvm.dll+0x7724af]
V  [jvm.dll+0x772ab3]
V  [jvm.dll+0x24bf08]
V  [jvm.dll+0x6222aa]
V  [jvm.dll+0x6170b5]
V  [jvm.dll+0x30a88c]
V  [jvm.dll+0x30a6c2]
V  [jvm.dll+0x30fe36]
V  [jvm.dll+0x353f46]
V  [jvm.dll+0x353720]
V  [jvm.dll+0x2e550a]
V  [jvm.dll+0x2e67a2]
V  [jvm.dll+0x74dd78]
V  [jvm.dll+0x361989]
V  [jvm.dll+0x730e65]
V  [jvm.dll+0x3cc53f]
V  [jvm.dll+0x3ce861]
C  [jli.dll+0x51ff]
C  [ucrtbase.dll+0x21ffa]
C  [KERNEL32.DLL+0x17974]
C  [ntdll.dll+0x6a271]


---------------  P R O C E S S  ---------------

Threads class SMR info:
_java_thread_list=0x00007ffcb543ccb8, length=0, elements={
}

Java Threads: ( => current thread )

Other Threads:
  0x00000224feb4e000 GCTaskThread "GC Thread#0" [stack: 0x000000b6bde00000,0x000000b6bdf00000] [id=6912]
  0x00000224feb60000 ConcurrentGCThread "G1 Main Marker" [stack: 0x000000b6bdf00000,0x000000b6be000000] [id=27412]
  0x00000224feb62000 ConcurrentGCThread "G1 Conc#0" [stack: 0x000000b6be000000,0x000000b6be100000] [id=14804]

[error occurred during error reporting (printing all threads), id 0xc0000005, EXCEPTION_ACCESS_VIOLATION (0xc0000005) at pc=0x00007ffcb4c751d7]

VM state:not at safepoint (not fully initialized)

VM Mutex/Monitor currently owned by a thread:  ([mutex/lock_event])
[0x00000224feb08c10] Heap_lock - owner thread: 0x00000224feb0b800

Heap address: 0x0000000082800000, size: 2008 MB, Compressed Oops mode: Non-zero based: 0x0000000082800000
Narrow klass base: 0x0000000000000000, Narrow klass shift: 0

GC Heap History (0 events):
No events

Deoptimization events (0 events):
No events

Classes unloaded (0 events):
No events

Classes redefined (0 events):
No events

Internal exceptions (0 events):
No events

Events (8 events):
Event: 0.022 Loaded shared library C:\Program Files\Java\jdk-13.0.2\bin\zip.dll
Event: 0.023 Loaded shared library C:\Program Files\Java\jdk-13.0.2\bin\jimage.dll
Event: 0.025 Loading shared library C:\Program Files\Java\jdk-13.0.2\lib\libjava.base-coop.dll failed, error code 126
Event: 0.026 Loading shared library C:\Program Files\Java\jdk-13.0.2\lib\libjava.logging-coop.dll failed, error code 126
Event: 0.026 Loading shared library C:\Program Files\Java\jdk-13.0.2\lib\libjdk.compiler-coop.dll failed, error code 126
Event: 0.026 Loading shared library C:\Program Files\Java\jdk-13.0.2\lib\libjdk.scripting.nashorn-coop.dll failed, error code 126
Event: 0.026 Loading shared library C:\Program Files\Java\jdk-13.0.2\lib\libjdk.internal.vm.ci-coop.dll failed, error code 126
Event: 0.026 Loading shared library C:\Program Files\Java\jdk-13.0.2\lib\libjdk.internal.vm.compiler-coop.dll failed, error code 126


Dynamic libraries:
0x00007ff689c40000 - 0x00007ff689c4f000 	C:\Program Files\Java\jdk-13.0.2\bin\javaw.exe
0x00007ffcf5de0000 - 0x00007ffcf5fcd000 	C:\Windows\SYSTEM32\ntdll.dll
0x00007ffcf5350000 - 0x00007ffcf5403000 	C:\Windows\System32\KERNEL32.DLL
0x00007ffcf20e0000 - 0x00007ffcf2375000 	C:\Windows\System32\KERNELBASE.dll
0x00007ffcf2680000 - 0x00007ffcf277a000 	C:\Windows\System32\ucrtbase.dll
0x00007ffcd7320000 - 0x00007ffcd7338000 	C:\Program Files\Java\jdk-13.0.2\bin\jli.dll
0x00007ffcd90e0000 - 0x00007ffcd90f5000 	C:\Program Files\Java\jdk-13.0.2\bin\VCRUNTIME140.dll
0x00007ffcf3d90000 - 0x00007ffcf3e33000 	C:\Windows\System32\ADVAPI32.dll
0x00007ffcf3000000 - 0x00007ffcf309e000 	C:\Windows\System32\msvcrt.dll
0x00007ffcf3cf0000 - 0x00007ffcf3d8e000 	C:\Windows\System32\sechost.dll
0x00007ffcf3150000 - 0x00007ffcf3272000 	C:\Windows\System32\RPCRT4.dll
0x00007ffcf37c0000 - 0x00007ffcf3957000 	C:\Windows\System32\USER32.dll
0x00007ffcf1ec0000 - 0x00007ffcf1ee0000 	C:\Windows\System32\win32u.dll
0x00007ffcea620000 - 0x00007ffcea899000 	C:\Windows\WinSxS\amd64_microsoft.windows.common-controls_6595b64144ccf1df_6.0.17763.1158_none_de722d88534a897f\COMCTL32.dll
0x00007ffcf5bc0000 - 0x00007ffcf5be9000 	C:\Windows\System32\GDI32.dll
0x00007ffcf1f40000 - 0x00007ffcf20d9000 	C:\Windows\System32\gdi32full.dll
0x00007ffcf3960000 - 0x00007ffcf3c8c000 	C:\Windows\System32\combase.dll
0x00007ffcf2380000 - 0x00007ffcf2420000 	C:\Windows\System32\msvcp_win.dll
0x00007ffcf2420000 - 0x00007ffcf249e000 	C:\Windows\System32\bcryptPrimitives.dll
0x00007ffce6f20000 - 0x00007ffce6f2a000 	C:\Windows\SYSTEM32\VERSION.dll
0x00007ffcf5bf0000 - 0x00007ffcf5c1e000 	C:\Windows\System32\IMM32.DLL
0x00007ffcd3070000 - 0x00007ffcd310b000 	C:\Program Files\Java\jdk-13.0.2\bin\msvcp140.dll
0x00007ffcb4980000 - 0x00007ffcb54dd000 	C:\Program Files\Java\jdk-13.0.2\bin\server\jvm.dll
0x00007ffcf3280000 - 0x00007ffcf3288000 	C:\Windows\System32\PSAPI.DLL
0x00007ffce7ed0000 - 0x00007ffce7ed9000 	C:\Windows\SYSTEM32\WSOCK32.dll
0x00007ffcf55c0000 - 0x00007ffcf562d000 	C:\Windows\System32\WS2_32.dll
0x00007ffce6ef0000 - 0x00007ffce6f14000 	C:\Windows\SYSTEM32\WINMM.dll
0x00007ffce6ec0000 - 0x00007ffce6eed000 	C:\Windows\SYSTEM32\WINMMBASE.dll
0x00007ffcf2860000 - 0x00007ffcf28aa000 	C:\Windows\System32\cfgmgr32.dll
0x00007ffcf1df0000 - 0x00007ffcf1e01000 	C:\Windows\System32\kernel.appcore.dll
0x00007ffced000000 - 0x00007ffced010000 	C:\Program Files\Java\jdk-13.0.2\bin\verify.dll
0x00007ffcf0780000 - 0x00007ffcf096d000 	C:\Windows\SYSTEM32\DBGHELP.DLL
0x00007ffce9f80000 - 0x00007ffce9faa000 	C:\Windows\SYSTEM32\dbgcore.DLL
0x00007ffce8270000 - 0x00007ffce8296000 	C:\Program Files\Java\jdk-13.0.2\bin\java.dll
0x00007ffce8250000 - 0x00007ffce8267000 	C:\Program Files\Java\jdk-13.0.2\bin\zip.dll
0x00007ffcea520000 - 0x00007ffcea52a000 	C:\Program Files\Java\jdk-13.0.2\bin\jimage.dll

dbghelp: loaded successfully - version: 4.0.5 - missing functions: none
symbol engine: initialized successfully - sym options: 0x614 - pdb path: .;C:\Program Files\Java\jdk-13.0.2\bin;C:\Windows\SYSTEM32;C:\Windows\WinSxS\amd64_microsoft.windows.common-controls_6595b64144ccf1df_6.0.17763.1158_none_de722d88534a897f;C:\Program Files\Java\jdk-13.0.2\bin\server

VM Arguments:
jvm_args: -Dfile.encoding=MS949 
java_command: BinarySearchTree
java_class_path (initial): C:\Users\joohee\Desktop\자알수업실습\Assignment2\bin
Launcher Type: SUN_STANDARD

[Global flags]
     intx CICompilerCount                          = 4                                         {product} {ergonomic}
     uint ConcGCThreads                            = 2                                         {product} {ergonomic}
     uint G1ConcRefinementThreads                  = 8                                         {product} {ergonomic}
   size_t G1HeapRegionSize                         = 1048576                                   {product} {ergonomic}
    uintx GCDrainStackTargetSize                   = 64                                        {product} {ergonomic}
   size_t InitialHeapSize                          = 132120576                                 {product} {ergonomic}
   size_t MarkStackSize                            = 4194304                                   {product} {ergonomic}
   size_t MaxHeapSize                              = 2105540608                                {product} {ergonomic}
   size_t MinHeapDeltaBytes                        = 1048576                                   {product} {ergonomic}
   size_t MinHeapSize                              = 8388608                                   {product} {ergonomic}
    uintx NonNMethodCodeHeapSize                   = 5839372                                {pd product} {ergonomic}
    uintx NonProfiledCodeHeapSize                  = 122909434                              {pd product} {ergonomic}
    uintx ProfiledCodeHeapSize                     = 122909434                              {pd product} {ergonomic}
    uintx ReservedCodeCacheSize                    = 251658240                              {pd product} {ergonomic}
     bool SegmentedCodeCache                       = true                                      {product} {ergonomic}
   size_t SoftMaxHeapSize                          = 2105540608                             {manageable} {ergonomic}
     bool UseCompressedClassPointers               = true                                 {lp64_product} {ergonomic}
     bool UseCompressedOops                        = true                                 {lp64_product} {ergonomic}
     bool UseG1GC                                  = true                                      {product} {ergonomic}
     bool UseLargePagesIndividualAllocation        = false                                  {pd product} {ergonomic}

Logging:
Log output configuration:
 #0: stdout all=warning uptime,level,tags
 #1: stderr all=off uptime,level,tags

Environment Variables:
PATH=C:/Program Files/Java/jdk-13.0.2/bin/server;C:/Program Files/Java/jdk-13.0.2/bin;C:\ProgramData\Miniconda3;C:\ProgramData\Miniconda3\Library\mingw-w64\bin;C:\ProgramData\Miniconda3\Library\usr\bin;C:\ProgramData\Miniconda3\Library\bin;C:\ProgramData\Miniconda3\Scripts;C:\Windows\system32;C:\Windows;C:\Windows\System32\Wbem;C:\Windows\System32\WindowsPowerShell\v1.0\;C:\Windows\System32\OpenSSH\;C:\Program Files\Java\jdk-13.0.2\bin;C:\Program Files\Git\cmd;C:\Users\joohee\AppData\Local\Microsoft\WindowsApps;C:\Users\joohee\AppData\Local\atom\bin;C:\Users\joohee\Desktop;
USERNAME=joohee
OS=Windows_NT
PROCESSOR_IDENTIFIER=Intel64 Family 6 Model 142 Stepping 10, GenuineIntel



---------------  S Y S T E M  ---------------

OS: Windows 10 , 64 bit Build 17763 (10.0.17763.1158)

CPU:total 8 (initial active 8) (4 cores per cpu, 2 threads per core) family 6 model 142 stepping 10, cmov, cx8, fxsr, mmx, sse, sse2, sse3, ssse3, sse4.1, sse4.2, popcnt, avx, avx2, aes, clmul, erms, 3dnowpref, lzcnt, ht, tsc, tscinvbit, bmi1, bmi2, adx, fma

Memory: 4k page, system-wide physical 8025M (883M free)
TotalPageFile size 16987M (AvailPageFile size 53M)
current process WorkingSet (physical memory assigned to process): 10M, peak: 10M
current process commit charge ("private bytes"): 60M, peak: 186M

vm_info: Java HotSpot(TM) 64-Bit Server VM (13.0.2+8) for windows-amd64 JRE (13.0.2+8), built on Dec 11 2019 09:20:33 by "mach5one" with unknown MS VC++:1916

END.
